<?xml version="1.0" encoding="UTF-8"?>
<!-- Generated by org.testng.reporters.JUnitReportReporter -->
<testsuite skipped="0" hostname="Abhisheks-MBP" name="com.trip.qa.testcases.LandingPageTest" tests="1" failures="0" timestamp="23 Apr 2019 10:09:33 GMT" time="8.996" errors="0">
  <testcase name="SearchOptionstest" time="8.996" classname="com.trip.qa.testcases.LandingPageTest"/>
</testsuite> <!-- com.trip.qa.testcases.LandingPageTest -->
