<?xml version="1.0" encoding="UTF-8"?>
<!-- Generated by org.testng.reporters.JUnitReportReporter -->
<testsuite skipped="0" hostname="Abhisheks-MBP" name="com.trip.qa.testcases.LandingPageTest" tests="1" failures="0" timestamp="20 Apr 2019 12:41:22 GMT" time="31.680" errors="0">
  <testcase name="FindOptionstest" time="31.680" classname="com.trip.qa.testcases.LandingPageTest"/>
</testsuite> <!-- com.trip.qa.testcases.LandingPageTest -->
